2023-03-16 22:37:35,750 INFO    MainThread:74835 [wandb_setup.py:_flush():68] Configure stats pid to 74835
2023-03-16 22:37:35,750 INFO    MainThread:74835 [wandb_setup.py:_flush():68] Loading settings from /home/vikram/.config/wandb/settings
2023-03-16 22:37:35,750 INFO    MainThread:74835 [wandb_setup.py:_flush():68] Loading settings from /home/vikram/Desktop/Deep Learning/cs6910_assignment1/wandb/settings
2023-03-16 22:37:35,751 INFO    MainThread:74835 [wandb_setup.py:_flush():68] Loading settings from environment variables: {'_require_service': 'True'}
2023-03-16 22:37:35,751 INFO    MainThread:74835 [wandb_setup.py:_flush():68] Inferring run settings from compute environment: {'program_relpath': 'log_conf_matrix.py', 'program': '/home/vikram/Desktop/Deep Learning/cs6910_assignment1/log_conf_matrix.py'}
2023-03-16 22:37:35,751 INFO    MainThread:74835 [wandb_init.py:_log_setup():492] Logging user logs to /home/vikram/Desktop/Deep Learning/cs6910_assignment1/wandb/run-20230316_223734-dn20737p/logs/debug.log
2023-03-16 22:37:35,751 INFO    MainThread:74835 [wandb_init.py:_log_setup():493] Logging internal logs to /home/vikram/Desktop/Deep Learning/cs6910_assignment1/wandb/run-20230316_223734-dn20737p/logs/debug-internal.log
2023-03-16 22:37:35,751 INFO    MainThread:74835 [wandb_init.py:init():532] calling init triggers
2023-03-16 22:37:35,751 INFO    MainThread:74835 [wandb_init.py:init():538] wandb.init called with sweep_config: {}
config: {'epochs': 0, 'num_hlayers': 5, 'hidden_size': 128, 'weight_decay': 0.05, 'learning_rate': 0.0004, 'batch_size': 128, 'loss': 'cross_entropy', 'optimizer': 'adam', 'weight_init': 'xavier', 'activation_function': 'leakyrelu', 'momentum': 0.9, 'beta': 0.95, 'beta1': 0.9, 'beta2': 0.999, 'epsilon': 1e-08, 'dataset': 'fashion_mnist'}
2023-03-16 22:37:35,751 INFO    MainThread:74835 [wandb_init.py:init():588] starting backend
2023-03-16 22:37:35,751 INFO    MainThread:74835 [wandb_init.py:init():592] setting up manager
2023-03-16 22:37:36,981 INFO    MainThread:74835 [backend.py:_multiprocessing_setup():106] multiprocessing start_methods=fork,spawn,forkserver, using: spawn
2023-03-16 22:37:37,478 INFO    MainThread:74835 [wandb_init.py:init():599] backend started and connected
2023-03-16 22:37:37,488 INFO    MainThread:74835 [wandb_init.py:init():687] updated telemetry
2023-03-16 22:37:38,997 INFO    MainThread:74835 [wandb_init.py:init():727] communicating run to backend with 60.0 second timeout
2023-03-16 22:37:40,142 INFO    MainThread:74835 [wandb_run.py:_on_init():2134] communicating current version
2023-03-16 22:37:41,256 INFO    MainThread:74835 [wandb_run.py:_on_init():2143] got version response upgrade_message: "wandb version 0.14.0 is available!  To upgrade, please run:\n $ pip install wandb --upgrade"

2023-03-16 22:37:41,256 INFO    MainThread:74835 [wandb_init.py:init():775] starting run threads in backend
2023-03-16 22:38:11,279 INFO    MainThread:74835 [wandb_run.py:_console_start():2114] atexit reg
2023-03-16 22:38:11,280 INFO    MainThread:74835 [wandb_run.py:_redirect():1969] redirect: SettingsConsole.WRAP_RAW
2023-03-16 22:38:11,280 INFO    MainThread:74835 [wandb_run.py:_redirect():2034] Wrapping output streams.
2023-03-16 22:38:11,281 INFO    MainThread:74835 [wandb_run.py:_redirect():2059] Redirects installed.
2023-03-16 22:38:11,282 INFO    MainThread:74835 [wandb_init.py:init():817] run started, returning control to user process
2023-03-16 22:38:28,408 INFO    MainThread:74835 [wandb_run.py:_config_callback():1250] config_cb ('_wandb', 'visualize', 'confusion matrix 1') {'panel_type': 'Vega2', 'panel_config': {'panelDefId': 'wandb/confusion_matrix/v1', 'fieldSettings': {'Actual': 'Actual', 'Predicted': 'Predicted', 'nPredictions': 'nPredictions'}, 'stringSettings': {'title': ''}, 'transform': {'name': 'tableWithLeafColNames'}, 'userQuery': {'queryFields': [{'name': 'runSets', 'args': [{'name': 'runSets', 'value': '${runSets}'}], 'fields': [{'name': 'id', 'fields': []}, {'name': 'name', 'fields': []}, {'name': '_defaultColorIndex', 'fields': []}, {'name': 'summaryTable', 'args': [{'name': 'tableKey', 'value': 'confusion matrix 1_table'}], 'fields': []}]}]}}} None
2023-03-16 22:38:28,411 ERROR   MainThread:74835 [util.py:get_module():377] Error importing optional module plotly.tools
Traceback (most recent call last):
  File "/home/vikram/miniconda3/envs/dlenv/lib/python3.9/site-packages/wandb/util.py", line 338, in import_module_lazy
    return sys.modules[name]
KeyError: 'plotly.tools'

During handling of the above exception, another exception occurred:

Traceback (most recent call last):
  File "/home/vikram/miniconda3/envs/dlenv/lib/python3.9/site-packages/wandb/util.py", line 372, in get_module
    return import_module_lazy(name)
  File "/home/vikram/miniconda3/envs/dlenv/lib/python3.9/site-packages/wandb/util.py", line 340, in import_module_lazy
    module_spec = importlib.util.find_spec(name)
  File "/home/vikram/miniconda3/envs/dlenv/lib/python3.9/importlib/util.py", line 94, in find_spec
    parent = __import__(parent_name, fromlist=['__path__'])
ModuleNotFoundError: No module named 'plotly'
2023-03-16 22:38:28,479 INFO    MainThread:74835 [wandb_run.py:_finish():1854] finishing run cs19b021/cs6910-assignment1/dn20737p
2023-03-16 22:38:28,480 INFO    MainThread:74835 [wandb_run.py:_atexit_cleanup():2083] got exitcode: 1
2023-03-16 22:38:28,480 INFO    MainThread:74835 [wandb_run.py:_restore():2066] restore
2023-03-16 22:38:28,480 INFO    MainThread:74835 [wandb_run.py:_restore():2072] restore done
2023-03-16 22:38:39,188 INFO    MainThread:74835 [wandb_run.py:_footer_history_summary_info():3442] rendering history
2023-03-16 22:38:39,189 INFO    MainThread:74835 [wandb_run.py:_footer_history_summary_info():3474] rendering summary
2023-03-16 22:38:39,220 INFO    MainThread:74835 [wandb_run.py:_footer_sync_info():3398] logging synced files
